<?xml version="1.0" encoding="UTF-8"?>
<testng-results skipped="0" failed="0" total="2" passed="2">
  <reporter-output>
    <line>
      <![CDATA[Extent Report DirectoryC:\Users\nchao\IdeaProjects\walTestFinal\walg\target\surefire-reports\html]]>
    </line>
  </reporter-output>
  <suite name="test login" duration-ms="30348" started-at="2022-03-17T02:43:12Z" finished-at="2022-03-17T02:43:42Z">
    <groups>
    </groups>
    <test name="test" duration-ms="30348" started-at="2022-03-17T02:43:12Z" finished-at="2022-03-17T02:43:42Z">
      <class name="login.TestLogin">
        <test-method status="PASS" signature="extentSetup(org.testng.ITestContext)[pri:0, instance:login.TestLogin@5419f379]" name="extentSetup" is-config="true" duration-ms="150" started-at="2022-03-16T22:43:12Z" finished-at="2022-03-16T22:43:12Z">
          <params>
            <param index="0">
              <value>
                <![CDATA[org.testng.TestRunner@79b663b3]]>
              </value>
            </param>
          </params>
          <reporter-output>
            <line>
              <![CDATA[Extent Report DirectoryC:\Users\nchao\IdeaProjects\walTestFinal\walg\target\surefire-reports\html]]>
            </line>
          </reporter-output>
        </test-method> <!-- extentSetup -->
        <test-method status="PASS" signature="init(java.lang.String, java.lang.String)[pri:0, instance:login.TestLogin@5419f379]" name="init" is-config="true" duration-ms="8220" started-at="2022-03-16T22:43:12Z" finished-at="2022-03-16T22:43:20Z">
          <params>
            <param index="0">
              <value>
                <![CDATA[chrome]]>
              </value>
            </param>
            <param index="1">
              <value>
                <![CDATA[windows]]>
              </value>
            </param>
          </params>
          <reporter-output>
          </reporter-output>
        </test-method> <!-- init -->
        <test-method status="PASS" signature="startExtent(java.lang.reflect.Method)[pri:0, instance:login.TestLogin@5419f379]" name="startExtent" is-config="true" duration-ms="10" started-at="2022-03-16T22:43:20Z" finished-at="2022-03-16T22:43:20Z">
          <params>
            <param index="0">
              <value>
                <![CDATA[public void login.TestLogin.testLogin()]]>
              </value>
            </param>
          </params>
          <reporter-output>
          </reporter-output>
        </test-method> <!-- startExtent -->
        <test-method status="PASS" signature="testLogin()[pri:0, instance:login.TestLogin@5419f379]" name="testLogin" duration-ms="7213" started-at="2022-03-16T22:43:20Z" finished-at="2022-03-16T22:43:28Z">
          <reporter-output>
          </reporter-output>
        </test-method> <!-- testLogin -->
        <test-method status="PASS" signature="afterEachTestMethod(org.testng.ITestResult)[pri:0, instance:login.TestLogin@5419f379]" name="afterEachTestMethod" is-config="true" duration-ms="992" started-at="2022-03-16T22:43:28Z" finished-at="2022-03-16T22:43:29Z">
          <params>
            <param index="0">
              <value>
                <![CDATA[[TestResult name=testLogin status=SUCCESS method=TestLogin.testLogin()[pri:0, instance:login.TestLogin@5419f379] output={null}]]]>
              </value>
            </param>
          </params>
          <reporter-output>
          </reporter-output>
        </test-method> <!-- afterEachTestMethod -->
        <test-method status="PASS" signature="tearDown()[pri:0, instance:login.TestLogin@5419f379]" name="tearDown" is-config="true" duration-ms="2" started-at="2022-03-16T22:43:29Z" finished-at="2022-03-16T22:43:29Z">
          <reporter-output>
          </reporter-output>
        </test-method> <!-- tearDown -->
        <test-method status="PASS" signature="init(java.lang.String, java.lang.String)[pri:0, instance:login.TestLogin@5419f379]" name="init" is-config="true" duration-ms="5447" started-at="2022-03-16T22:43:29Z" finished-at="2022-03-16T22:43:34Z">
          <params>
            <param index="0">
              <value>
                <![CDATA[chrome]]>
              </value>
            </param>
            <param index="1">
              <value>
                <![CDATA[windows]]>
              </value>
            </param>
          </params>
          <reporter-output>
          </reporter-output>
        </test-method> <!-- init -->
        <test-method status="PASS" signature="startExtent(java.lang.reflect.Method)[pri:0, instance:login.TestLogin@5419f379]" name="startExtent" is-config="true" duration-ms="1" started-at="2022-03-16T22:43:34Z" finished-at="2022-03-16T22:43:34Z">
          <params>
            <param index="0">
              <value>
                <![CDATA[public void login.TestLogin.testLoginWithInvalidCredentials()]]>
              </value>
            </param>
          </params>
          <reporter-output>
          </reporter-output>
        </test-method> <!-- startExtent -->
        <test-method status="PASS" signature="testLoginWithInvalidCredentials()[pri:0, instance:login.TestLogin@5419f379]" name="testLoginWithInvalidCredentials" duration-ms="7751" started-at="2022-03-16T22:43:34Z" finished-at="2022-03-16T22:43:42Z">
          <reporter-output>
          </reporter-output>
        </test-method> <!-- testLoginWithInvalidCredentials -->
        <test-method status="PASS" signature="afterEachTestMethod(org.testng.ITestResult)[pri:0, instance:login.TestLogin@5419f379]" name="afterEachTestMethod" is-config="true" duration-ms="704" started-at="2022-03-16T22:43:42Z" finished-at="2022-03-16T22:43:42Z">
          <params>
            <param index="0">
              <value>
                <![CDATA[[TestResult name=testLoginWithInvalidCredentials status=SUCCESS method=TestLogin.testLoginWithInvalidCredentials()[pri:0, instance:login.TestLogin@5419f379] output={null}]]]>
              </value>
            </param>
          </params>
          <reporter-output>
          </reporter-output>
        </test-method> <!-- afterEachTestMethod -->
        <test-method status="PASS" signature="tearDown()[pri:0, instance:login.TestLogin@5419f379]" name="tearDown" is-config="true" duration-ms="0" started-at="2022-03-16T22:43:42Z" finished-at="2022-03-16T22:43:42Z">
          <reporter-output>
          </reporter-output>
        </test-method> <!-- tearDown -->
        <test-method status="PASS" signature="generateReport()[pri:0, instance:login.TestLogin@5419f379]" name="generateReport" is-config="true" duration-ms="28" started-at="2022-03-16T22:43:42Z" finished-at="2022-03-16T22:43:43Z">
          <reporter-output>
          </reporter-output>
        </test-method> <!-- generateReport -->
      </class> <!-- login.TestLogin -->
    </test> <!-- test -->
  </suite> <!-- test login -->
</testng-results>
